2021-07-29 14:44:08,314 : INFO : utilities.BaseClass : iphone X
2021-07-29 14:44:08,323 : INFO : utilities.BaseClass : Samsung Note 8
2021-07-29 14:44:08,332 : INFO : utilities.BaseClass : Nokia Edge
2021-07-29 14:44:08,388 : INFO : utilities.BaseClass : Blackberry
2021-07-29 14:44:08,451 : INFO : utilities.BaseClass : Product is same between Add and Checkout page
2021-07-29 14:44:08,492 : INFO : utilities.BaseClass : Enter the value as Ind
2021-07-29 14:44:16,747 : INFO : utilities.BaseClass : ×
Success! The Form has been submitted successfully!.
2021-07-29 14:44:16,747 : INFO : utilities.BaseClass : ×
Success! The Form has been submitted successfully!.
2021-07-29 14:44:17,308 : INFO : utilities.BaseClass : ×
Success! The Form has been submitted successfully!.
2021-07-29 14:44:17,308 : INFO : utilities.BaseClass : ×
Success! The Form has been submitted successfully!.
2021-07-29 14:44:17,308 : INFO : utilities.BaseClass : ×
Success! The Form has been submitted successfully!.
2021-07-29 14:44:17,824 : INFO : utilities.BaseClass : ×
Success! The Form has been submitted successfully!.
2021-07-29 14:44:17,824 : INFO : utilities.BaseClass : ×
Success! The Form has been submitted successfully!.
2021-07-29 14:44:17,824 : INFO : utilities.BaseClass : ×
Success! The Form has been submitted successfully!.
2021-07-29 14:44:17,824 : INFO : utilities.BaseClass : ×
Success! The Form has been submitted successfully!.
2021-07-29 14:45:58,313 : INFO : utilities.BaseClass : iphone X
2021-07-29 14:45:58,323 : INFO : utilities.BaseClass : Samsung Note 8
2021-07-29 14:45:58,333 : INFO : utilities.BaseClass : Nokia Edge
2021-07-29 14:45:58,391 : INFO : utilities.BaseClass : Blackberry
2021-07-29 14:45:58,458 : INFO : utilities.BaseClass : Product is same between Add and Checkout page
2021-07-29 14:45:58,502 : INFO : utilities.BaseClass : Enter the value as Ind
2021-07-29 14:46:06,390 : INFO : utilities.BaseClass : ×
Success! The Form has been submitted successfully!.
2021-07-29 14:46:06,390 : INFO : utilities.BaseClass : ×
Success! The Form has been submitted successfully!.
2021-07-29 14:46:06,898 : INFO : utilities.BaseClass : ×
Success! The Form has been submitted successfully!.
2021-07-29 14:46:06,898 : INFO : utilities.BaseClass : ×
Success! The Form has been submitted successfully!.
2021-07-29 14:46:06,898 : INFO : utilities.BaseClass : ×
Success! The Form has been submitted successfully!.
2021-07-29 14:46:07,408 : INFO : utilities.BaseClass : ×
Success! The Form has been submitted successfully!.
2021-07-29 14:46:07,408 : INFO : utilities.BaseClass : ×
Success! The Form has been submitted successfully!.
2021-07-29 14:46:07,408 : INFO : utilities.BaseClass : ×
Success! The Form has been submitted successfully!.
2021-07-29 14:46:07,408 : INFO : utilities.BaseClass : ×
Success! The Form has been submitted successfully!.
